<?xml version="1.0" encoding="UTF-8"?>
<!-- Generated by org.testng.reporters.JUnitReportReporter -->
<testsuite hostname="Muhammads-MacBook-Pro-2.local" failures="0" tests="1" name="runners.Run" time="14.227" errors="0" timestamp="2023-04-09T06:07:45 WIB" skipped="0">
  <testcase classname="runners.Run" name="runScenario" time="14.227"/>
  <system-out/>
</testsuite> <!-- runners.Run -->
